(arrayExample.tex

ConTeXt  ver: 2012.05.30 11:26 MKIV  fmt: 2013.2.14  int: english/english

system          > cont-new.mkiv loaded
(/usr/share/texmf/tex/context/base/cont-new.mkiv
system          > beware: some patches loaded from cont-new.mkiv
)
system          > arrayExample.top loaded

system          > options > start used options

used options    > % runtime options files (command line driven)
used options    > \unprotect
used options    > % feedback and basic job control
used options    > % handy for special styles
used options    > \startluacode
used options    > document = document or { }
used options    > document.arguments={
used options    >  ["synctex"]=true,
used options    > }
used options    > document.files={
used options    >  "arrayExample.tex",
used options    > }
used options    > \stopluacode
used options    > % process info
used options    > \setupsystem[inputfile=arrayExample.tex]
used options    > \setupsystem[\c!n=1,\c!m=1]
used options    > % modes
used options    > % options (not that important)
used options    > \startsetups *runtime:options
used options    > \stopsetups
used options    > % styles and modules
used options    > \startsetups *runtime:modules
used options    > \stopsetups
used options    > % done
used options    > \protect \endinput

system          > options > stop used options

(arrayExample.top)
fonts           > latin modern fonts are not preloaded
languages       > language en is active
(../API/baseAPI.tex
resolvers       > modules > loaded: 'animation'
interface       > macros > processed file '/usr/share/texmf/tex/context/third/animation/t-animation.mkvi', delta 133
(/usr/share/texmf/tex/context/third/animation/t-animation.mkvi)) (../Algorithms/arrayAlgos.tex (../API/arrayAPI.tex)){/usr/share/texmf/fonts/map/pdftex/context/mkiv-base.map}
fonts           > preloading latin modern fonts (second stage)
fonts           > typescripts > unknown: library 'loc'
{/usr/share/texmf/fonts/map/dvips/lm/lm-math.map}{/usr/share/texmf/fonts/map/dvips/lm/lm-rm.map}
fonts           > defining > forced type afm of stmary10 not found
fonts           > defining > font with asked name 'stmary10' is not found using lookup 'file'
fonts           > virtual math > loading font LMMath7-Regular subfont 9 with name stmary10.afm at 458752 is skipped, not found
fonts           > defining > forced type afm of stmary10 not found
fonts           > defining > font with asked name 'stmary10' is not found using lookup 'file'
fonts           > virtual math > loading font LMMath9-Regular subfont 9 with name stmary10.afm at 589824 is skipped, not found
fonts           > defining > forced type afm of stmary10 not found
fonts           > defining > font with asked name 'stmary10' is not found using lookup 'file'
fonts           > virtual math > loading font LMMath12-Regular subfont 9 with name stmary10.afm at 786432 is skipped, not found
fonts           > fallback modern rm 12pt is loaded

Overfull \hbox (339.43571pt too wide) in paragraph at lines 1--3
[][]\3>modern-designsize-12pt-tt-tf-0--0 selectionSort({51,31,4,22,23,45,54,76,85,3,91,5,14,7,1,3,82,80,18,95,123,1654,82,7,132,154,190,821,820,810,970,103,140,639}) 

\hbox(10.42677+4.05482)x426.78743, direction TLT
.\whatsit
..\localinterlinepenalty=0
..\localbrokenpenalty=0
..\localleftbox=null
..\localrightbox=null
.\hbox(10.42677+4.05482)x0.0, direction TLT
.\3>modern-designsize-12pt-tt-tf-0--0 s
.\3>modern-designsize-12pt-tt-tf-0--0 e
.\3>modern-designsize-12pt-tt-tf-0--0 l
.etc.

(/usr/share/texmf/tex/context/base/java-imp-fld.mkiv)
interactions    > javascripts > loaded: library 'fld'
metapost        > initializing instance 'metafun' using format 'metafun'
metapost        > loading 'metafun': /usr/share/texmf/metapost/context/base/metafun.mpiv

Overfull \hbox (25.27185pt too wide) in paragraph at lines 314381--1
 [][] 

\hbox(289.92197+0.0)x426.78743, direction TLT
.\glue(\leftskip) 0.0 plus 213.3937
.\whatsit
..\localinterlinepenalty=0
..\localbrokenpenalty=0
..\localleftbox=null
..\localrightbox=null
.\vbox(289.92197+0.0)x452.05928, direction TLT
..\hbox(289.92197+0.0)x452.05928, direction TLT
...\hbox(0.0+289.92197)x452.05928, shifted -289.92197, direction TLT []
.\penalty 10000
.\glue(\parfillskip) 0.0
.etc.

backend         > xmp > using file '/usr/share/texmf/tex/context/base/lpdf-pdx.xml'
 <prevend.png> <prevbreak.png> <prev.png> <playpause.png> <next.png> <nextbreak.png> <endnext.png> <minus.png> <plus.png> <togglepause.png> <toggleskip.png>
pages           > flushing realpage 1, userpage 1
 )</usr/share/texmf/fonts/opentype/public/lm/lmmono12-regular.otf>{/usr/share/texmf/fonts/enc/dvips/lm/lm-rmtt.enc}</usr/share/texmf/fonts/opentype/public/lm/lmroman12-regular.otf></usr/share/texmf/fonts/type1/public/lm/lmtt10.pfb>

system          > files > start used files

used files      >    1: filename=arrayExample.tex | foundname=arrayExample.tex | usedmethod=direct
used files      >    2: filename=cont-new.mkiv | filetype=tex | foundname=/usr/share/texmf/tex/context/base/cont-new.mkiv | usedmethod=database
used files      >    3: filename=arrayExample.top | foundname=arrayExample.top | usedmethod=direct
used files      >    4: filename=lang-us.lua | filetype=lua | foundname=/usr/share/texmf/tex/context/patterns/lang-us.lua | usedmethod=database
used files      >    5: filename=../API/baseAPI | filetype=tex | foundname=../API/baseAPI.tex | usedmethod=filesystem
used files      >    6: filename=t-animation.mkvi | filetype=tex | foundname=/usr/share/texmf/tex/context/third/animation/t-animation.mkvi | usedmethod=database
used files      >    7: filename=t-animation.mkvi | filetype=tex | format=tex | foundname=/usr/share/texmf/tex/context/third/animation/t-animation.mkvi | usedmethod=database
used files      >    8: filename=usr/share/texmf/tex/context/third/animation/t-animation.mkvi | foundname=/usr/share/texmf/tex/context/third/animation/t-animation.mkvi | usedmethod=qualified
used files      >    9: filename=../Algorithms/arrayAlgos | foundname=../Algorithms/arrayAlgos.tex | usedmethod=qualified
used files      >   10: filename=../API/arrayAPI | foundname=../API/arrayAPI.tex | usedmethod=qualified
used files      >   11: filename=mkiv-base.map | filetype=map | format=map | foundname=/usr/share/texmf/fonts/map/pdftex/context/mkiv-base.map | usedmethod=database
used files      >   12: filename=lm.lfg | filetype=tex | foundname=/usr/share/texmf/tex/context/fonts/lm.lfg | usedmethod=database
used files      >   13: filename=lm-math.lfg | filetype=tex | foundname=/usr/share/texmf/tex/context/fonts/lm-math.lfg | usedmethod=database
used files      >   14: filename=lm-math.map | filetype=map | format=map | foundname=/usr/share/texmf/fonts/map/dvips/lm/lm-math.map | usedmethod=database
used files      >   15: filename=lm-rm.map | filetype=map | format=map | foundname=/usr/share/texmf/fonts/map/dvips/lm/lm-rm.map | usedmethod=database
used files      >   16: filename=lmroman12-regular | filetype=otf | format=otf | foundname=/usr/share/texmf/fonts/opentype/public/lm/lmroman12-regular.otf | usedmethod=database
used files      >   17: filename=lmroman7-regular.otf | filetype=otf | format=otf | foundname=/usr/share/texmf/fonts/opentype/public/lm/lmroman7-regular.otf | usedmethod=database
used files      >   18: filename=rm-lmr7.tfm | filetype=tfm | format=tfm | foundname=/usr/share/texmf/fonts/tfm/public/lm/rm-lmr7.tfm | usedmethod=database
used files      >   19: filename=lmmi7.tfm | filetype=tfm | format=tfm | foundname=/usr/share/texmf/fonts/tfm/public/lm/lmmi7.tfm | usedmethod=database
used files      >   20: filename=lmsy7.tfm | filetype=tfm | format=tfm | foundname=/usr/share/texmf/fonts/tfm/public/lm/lmsy7.tfm | usedmethod=database
used files      >   21: filename=lmex10.tfm | filetype=tfm | format=tfm | foundname=/usr/share/texmf/fonts/tfm/public/lm/lmex10.tfm | usedmethod=database
used files      >   22: filename=msam7.tfm | filetype=tfm | format=tfm | foundname=/usr/share/texlive/texmf-dist/fonts/tfm/public/amsfonts/symbols/msam7.tfm | usedmethod=database
used files      >   23: filename=msbm7.tfm | filetype=tfm | format=tfm | foundname=/usr/share/texlive/texmf-dist/fonts/tfm/public/amsfonts/symbols/msbm7.tfm | usedmethod=database
used files      >   24: filename=lmroman7-bold.otf | filetype=otf | format=otf | foundname=/usr/share/texmf/fonts/opentype/public/lm/lmroman7-bold.otf | usedmethod=database
used files      >   25: filename=lmmib7.tfm | filetype=tfm | format=tfm | foundname=/usr/share/texmf/fonts/tfm/public/lm/lmmib7.tfm | usedmethod=database
used files      >   26: filename=lmsans8-regular.otf | filetype=otf | format=otf | foundname=/usr/share/texmf/fonts/opentype/public/lm/lmsans8-regular.otf | usedmethod=database
used files      >   27: filename=lmmono8-regular.otf | filetype=otf | format=otf | foundname=/usr/share/texmf/fonts/opentype/public/lm/lmmono8-regular.otf | usedmethod=database
used files      >   28: filename=eufm7.tfm | filetype=tfm | format=tfm | foundname=/usr/share/texlive/texmf-dist/fonts/tfm/public/amsfonts/euler/eufm7.tfm | usedmethod=database
used files      >   29: filename=eufb7.tfm | filetype=tfm | format=tfm | foundname=/usr/share/texlive/texmf-dist/fonts/tfm/public/amsfonts/euler/eufb7.tfm | usedmethod=database
used files      >   30: filename=lmroman9-regular.otf | filetype=otf | format=otf | foundname=/usr/share/texmf/fonts/opentype/public/lm/lmroman9-regular.otf | usedmethod=database
used files      >   31: filename=rm-lmr9.tfm | filetype=tfm | format=tfm | foundname=/usr/share/texmf/fonts/tfm/public/lm/rm-lmr9.tfm | usedmethod=database
used files      >   32: filename=lmmi9.tfm | filetype=tfm | format=tfm | foundname=/usr/share/texmf/fonts/tfm/public/lm/lmmi9.tfm | usedmethod=database
used files      >   33: filename=lmsy9.tfm | filetype=tfm | format=tfm | foundname=/usr/share/texmf/fonts/tfm/public/lm/lmsy9.tfm | usedmethod=database
used files      >   34: filename=msam10.tfm | filetype=tfm | format=tfm | foundname=/usr/share/texlive/texmf-dist/fonts/tfm/public/amsfonts/symbols/msam10.tfm | usedmethod=database
used files      >   35: filename=msbm10.tfm | filetype=tfm | format=tfm | foundname=/usr/share/texlive/texmf-dist/fonts/tfm/public/amsfonts/symbols/msbm10.tfm | usedmethod=database
used files      >   36: filename=lmroman9-bold.otf | filetype=otf | format=otf | foundname=/usr/share/texmf/fonts/opentype/public/lm/lmroman9-bold.otf | usedmethod=database
used files      >   37: filename=lmmib10.tfm | filetype=tfm | format=tfm | foundname=/usr/share/texmf/fonts/tfm/public/lm/lmmib10.tfm | usedmethod=database
used files      >   38: filename=lmsans9-regular.otf | filetype=otf | format=otf | foundname=/usr/share/texmf/fonts/opentype/public/lm/lmsans9-regular.otf | usedmethod=database
used files      >   39: filename=lmmono9-regular.otf | filetype=otf | format=otf | foundname=/usr/share/texmf/fonts/opentype/public/lm/lmmono9-regular.otf | usedmethod=database
used files      >   40: filename=eufm10.tfm | filetype=tfm | format=tfm | foundname=/usr/share/texlive/texmf-dist/fonts/tfm/public/amsfonts/euler/eufm10.tfm | usedmethod=database
used files      >   41: filename=eufb10.tfm | filetype=tfm | format=tfm | foundname=/usr/share/texlive/texmf-dist/fonts/tfm/public/amsfonts/euler/eufb10.tfm | usedmethod=database
used files      >   42: filename=lmroman12-regular.otf | filetype=otf | format=otf | foundname=/usr/share/texmf/fonts/opentype/public/lm/lmroman12-regular.otf | usedmethod=database
used files      >   43: filename=rm-lmr12.tfm | filetype=tfm | format=tfm | foundname=/usr/share/texmf/fonts/tfm/public/lm/rm-lmr12.tfm | usedmethod=database
used files      >   44: filename=lmmi12.tfm | filetype=tfm | format=tfm | foundname=/usr/share/texmf/fonts/tfm/public/lm/lmmi12.tfm | usedmethod=database
used files      >   45: filename=lmsy10.tfm | filetype=tfm | format=tfm | foundname=/usr/share/texmf/fonts/tfm/public/lm/lmsy10.tfm | usedmethod=database
used files      >   46: filename=lmroman12-bold.otf | filetype=otf | format=otf | foundname=/usr/share/texmf/fonts/opentype/public/lm/lmroman12-bold.otf | usedmethod=database
used files      >   47: filename=lmsans12-regular.otf | filetype=otf | format=otf | foundname=/usr/share/texmf/fonts/opentype/public/lm/lmsans12-regular.otf | usedmethod=database
used files      >   48: filename=lmmono12-regular.otf | filetype=otf | format=otf | foundname=/usr/share/texmf/fonts/opentype/public/lm/lmmono12-regular.otf | usedmethod=database
used files      >   49: filename=lmmono12-regular | filetype=otf | format=otf | foundname=/usr/share/texmf/fonts/opentype/public/lm/lmmono12-regular.otf | usedmethod=database
used files      >   50: filename=java-imp-fld.mkiv | filetype=tex | foundname=/usr/share/texmf/tex/context/base/java-imp-fld.mkiv | usedmethod=database
used files      >   51: filename=metafun.mpiv | filetype=mp | foundname=/usr/share/texmf/metapost/context/base/metafun.mpiv | usedmethod=database
used files      >   52: filename=mp-base.mpiv | filetype=mp | format=mp | foundname=/usr/share/texmf/metapost/context/base/mp-base.mpiv | usedmethod=database
used files      >   53: filename=mp-tool.mpiv | filetype=mp | format=mp | foundname=/usr/share/texmf/metapost/context/base/mp-tool.mpiv | usedmethod=database
used files      >   54: filename=mp-mlib.mpiv | filetype=mp | format=mp | foundname=/usr/share/texmf/metapost/context/base/mp-mlib.mpiv | usedmethod=database
used files      >   55: filename=mp-page.mpiv | filetype=mp | format=mp | foundname=/usr/share/texmf/metapost/context/base/mp-page.mpiv | usedmethod=database
used files      >   56: filename=mp-butt.mpiv | filetype=mp | format=mp | foundname=/usr/share/texmf/metapost/context/base/mp-butt.mpiv | usedmethod=database
used files      >   57: filename=mp-shap.mpiv | filetype=mp | format=mp | foundname=/usr/share/texmf/metapost/context/base/mp-shap.mpiv | usedmethod=database
used files      >   58: filename=mp-grph.mpiv | filetype=mp | format=mp | foundname=/usr/share/texmf/metapost/context/base/mp-grph.mpiv | usedmethod=database
used files      >   59: filename=mp-grid.mpiv | filetype=mp | format=mp | foundname=/usr/share/texmf/metapost/context/base/mp-grid.mpiv | usedmethod=database
used files      >   60: filename=mp-form.mpiv | filetype=mp | format=mp | foundname=/usr/share/texmf/metapost/context/base/mp-form.mpiv | usedmethod=database
used files      >   61: filename=mp-figs.mpiv | filetype=mp | format=mp | foundname=/usr/share/texmf/metapost/context/base/mp-figs.mpiv | usedmethod=database
used files      >   62: filename=mp-func.mpiv | filetype=mp | format=mp | foundname=/usr/share/texmf/metapost/context/base/mp-func.mpiv | usedmethod=database
used files      >   63: filename=rm-lmtt10 | filetype=tfm | format=tfm | foundname=/usr/share/texmf/fonts/tfm/public/lm/rm-lmtt10.tfm | usedmethod=database
used files      >   64: filename=lmroman10-regular | filetype=otf | format=otf | foundname=/usr/share/texmf/fonts/opentype/public/lm/lmroman10-regular.otf | usedmethod=database
used files      >   65: filename=prevend.png | format=tex | foundname=prevend.png | usedmethod=direct
used files      >   66: filename=prevbreak.png | format=tex | foundname=prevbreak.png | usedmethod=direct
used files      >   67: filename=prev.png | format=tex | foundname=prev.png | usedmethod=direct
used files      >   68: filename=playpause.png | format=tex | foundname=playpause.png | usedmethod=direct
used files      >   69: filename=next.png | format=tex | foundname=next.png | usedmethod=direct
used files      >   70: filename=nextbreak.png | format=tex | foundname=nextbreak.png | usedmethod=direct
used files      >   71: filename=endnext.png | format=tex | foundname=endnext.png | usedmethod=direct
used files      >   72: filename=minus.png | format=tex | foundname=minus.png | usedmethod=direct
used files      >   73: filename=plus.png | format=tex | foundname=plus.png | usedmethod=direct
used files      >   74: filename=togglepause.png | format=tex | foundname=togglepause.png | usedmethod=direct
used files      >   75: filename=toggleskip.png | format=tex | foundname=toggleskip.png | usedmethod=direct
used files      >   76: filename=lpdf-pdx.xml | filetype=tex | foundname=/usr/share/texmf/tex/context/base/lpdf-pdx.xml | usedmethod=database
used files      >   77: filename=lm-rmtt.enc | filetype=enc | format=enc | foundname=/usr/share/texmf/fonts/enc/dvips/lm/lm-rmtt.enc | usedmethod=database
used files      >   78: filename=lmtt10.pfb | filetype=pfb | format=pfb | foundname=/usr/share/texmf/fonts/type1/public/lm/lmtt10.pfb | usedmethod=database

system          > files > stop used files


system          > structure > start used structure

used structure  > text: arrayExample

system          > structure > stop used structure


mkiv lua stats  > used config file          - selfautodir:/share/texmf/web2c/texmfcnf.lua
mkiv lua stats  > used cache path           - readable: '/var/lib/texmf/luatex-cache/context/f919750633122078d706dd10f1cfd39b' (order 1)
mkiv lua stats  > used cache path           - readable: '/home/mukund/.texmf-var/luatex-cache/context/f919750633122078d706dd10f1cfd39b' (order 2)
mkiv lua stats  > used cache path           - writable: '/home/mukund/.texmf-var/luatex-cache/context/f919750633122078d706dd10f1cfd39b'
mkiv lua stats  > synctex tracing           - synctex has been enabled (extra log file generated)
mkiv lua stats  > resource resolver         - loadtime 0.019 seconds, 3 scans with scantime 0.007 seconds, 112 shared scans, 78 found files, scanned paths: /etc/texmf /home/mukund/.texmf-var /home/mukund/texmf
mkiv lua stats  > stored bytecode data      - 303 modules, 65 tables, 368 chunks
mkiv lua stats  > cleaned up reserved nodes - 40 nodes, 9 lists of 439
mkiv lua stats  > node memory usage         - 2 glue, 2 penalty, 9 attribute, 29 glue_spec, 3 attribute_list
mkiv lua stats  > node list callback tasks  - 6 unique task lists, 5 instances (re)created, 623793 calls
mkiv lua stats  > h-node processing time    - 6.222 seconds including kernel
mkiv lua stats  > attribute processing time - 8.170 seconds front- and backend
mkiv lua stats  > used backend              - pdf (backend for directly generating pdf output)
mkiv lua stats  > loaded tex modules        - 1 requested, 1 found (*-animation), 0 missing
mkiv lua stats  > loaded patterns           - en::2
mkiv lua stats  > jobdata time              - 0.001 seconds saving, 0.001 seconds loading
mkiv lua stats  > callbacks                 - 2491271 direct, 2484 indirect, 2493755 total
mkiv lua stats  > randomizer                - resumed with value 0.70572829372516
mkiv lua stats  > lxml preparation time     - 0.000 seconds, 0 nodes, 15 lpath calls, 0 cached calls
mkiv lua stats  > interactive elements      - 11 references, 0 destinations
mkiv lua stats  > v-node processing time    - 4.846 seconds 
mkiv lua stats  > result saved in file      - arrayExample.pdf
mkiv lua stats  > loaded fonts              - 34 files: eufb10.tfm eufb7.tfm eufm10.tfm eufm7.tfm msam10.tfm msam7.tfm msbm10.tfm msbm7.tfm lmmono12-regular.otf lmmono8-regular.otf lmmono9-regular.otf lmroman10-regular.otf lmroman12-bold.otf lmroman12-regular.otf lmroman7-bold.otf lmroman7-regular.otf lmroman9-bold.otf lmroman9-regular.otf lmsans12-regular.otf lmsans8-regular.otf lmsans9-regular.otf lmex10.tfm lmmi12.tfm lmmi7.tfm lmmi9.tfm lmmib10.tfm lmmib7.tfm lmsy10.tfm lmsy7.tfm lmsy9.tfm rm-lmr12.tfm rm-lmr7.tfm rm-lmr9.tfm rm-lmtt10.tfm
mkiv lua stats  > fonts load time           - 19.713 seconds 
mkiv lua stats  > metapost processing time  - 477.099 seconds, loading: 0.022 seconds, execution: 426.053 seconds, n: 3328
mkiv lua stats  > graphics processing time  - 0.009 seconds including tex, 11 processed images
mkiv lua stats  > page group warning        - transparencies are used but no pagecolormodel is set
mkiv lua stats  > pdf annotations           - 11 embedded, 11 unique
mkiv lua stats  > luatex banner             - this is luatex, version beta-0.70.2-2012062323 (tex live 2012/debian)
mkiv lua stats  > control sequences         - 50533 of 65536 + 100000
mkiv lua stats  > current memory usage      - 52 MB (ctx: 54 MB)
mkiv lua stats  > runtime                   - 660.639 seconds, 1 processed pages, 1 shipped pages, 0.002 pages/second

